<?xml version="1.0" encoding="UTF-8"?>
<testsuite name="org.example.springboot.domain.posts.PostsRepositoryTest" tests="2" skipped="0" failures="0" errors="0" timestamp="2021-07-18T22:37:31" hostname="DESKTOP-IBS5766" time="0.085">
  <properties/>
  <testcase name="saveAndFindPosts" classname="org.example.springboot.domain.posts.PostsRepositoryTest" time="0.058"/>
  <testcase name="saveBaseTimeEntity" classname="org.example.springboot.domain.posts.PostsRepositoryTest" time="0.026"/>
  <system-out><![CDATA[2021-07-18 16:37:23.436  INFO 3476 --- [    Test worker] .b.t.c.SpringBootTestContextBootstrapper : Neither @ContextConfiguration nor @ContextHierarchy found for test class [org.example.springboot.domain.posts.PostsRepositoryTest], using SpringBootContextLoader
2021-07-18 16:37:23.441  INFO 3476 --- [    Test worker] o.s.t.c.support.AbstractContextLoader    : Could not detect default resource locations for test class [org.example.springboot.domain.posts.PostsRepositoryTest]: no resource found for suffixes {-context.xml, Context.groovy}.
2021-07-18 16:37:23.441  INFO 3476 --- [    Test worker] t.c.s.AnnotationConfigContextLoaderUtils : Could not detect default configuration classes for test class [org.example.springboot.domain.posts.PostsRepositoryTest]: PostsRepositoryTest does not declare any static, non-private, non-final, nested classes annotated with @Configuration.
2021-07-18 16:37:23.492  INFO 3476 --- [    Test worker] .b.t.c.SpringBootTestContextBootstrapper : Found @SpringBootConfiguration org.example.springboot.Application for test class org.example.springboot.domain.posts.PostsRepositoryTest
2021-07-18 16:37:23.500  INFO 3476 --- [    Test worker] .b.t.c.SpringBootTestContextBootstrapper : Loaded default TestExecutionListener class names from location [META-INF/spring.factories]: [org.springframework.security.test.context.support.WithSecurityContextTestExecutionListener, org.springframework.security.test.context.support.ReactorContextTestExecutionListener, org.springframework.boot.test.autoconfigure.restdocs.RestDocsTestExecutionListener, org.springframework.boot.test.autoconfigure.web.client.MockRestServiceServerResetTestExecutionListener, org.springframework.boot.test.autoconfigure.web.servlet.MockMvcPrintOnlyOnFailureTestExecutionListener, org.springframework.boot.test.autoconfigure.web.servlet.WebDriverTestExecutionListener, org.springframework.boot.test.mock.mockito.MockitoTestExecutionListener, org.springframework.boot.test.mock.mockito.ResetMocksTestExecutionListener, org.springframework.test.context.web.ServletTestExecutionListener, org.springframework.test.context.support.DirtiesContextBeforeModesTestExecutionListener, org.springframework.test.context.support.DependencyInjectionTestExecutionListener, org.springframework.test.context.support.DirtiesContextTestExecutionListener, org.springframework.test.context.transaction.TransactionalTestExecutionListener, org.springframework.test.context.jdbc.SqlScriptsTestExecutionListener]
2021-07-18 16:37:23.505  INFO 3476 --- [    Test worker] .b.t.c.SpringBootTestContextBootstrapper : Using TestExecutionListeners: [org.springframework.test.context.web.ServletTestExecutionListener@1c28b1f9, org.springframework.test.context.support.DirtiesContextBeforeModesTestExecutionListener@5029bdc1, org.springframework.boot.test.mock.mockito.MockitoTestExecutionListener@167c020f, org.springframework.boot.test.autoconfigure.SpringBootDependencyInjectionTestExecutionListener@79f241cd, org.springframework.test.context.support.DirtiesContextTestExecutionListener@208c9073, org.springframework.test.context.transaction.TransactionalTestExecutionListener@3d56f616, org.springframework.test.context.jdbc.SqlScriptsTestExecutionListener@4b4cf7c9, org.springframework.security.test.context.support.WithSecurityContextTestExecutionListener@205b3b44, org.springframework.security.test.context.support.ReactorContextTestExecutionListener@64903834, org.springframework.boot.test.autoconfigure.restdocs.RestDocsTestExecutionListener@6e7c84f6, org.springframework.boot.test.autoconfigure.web.client.MockRestServiceServerResetTestExecutionListener@4222d44f, org.springframework.boot.test.autoconfigure.web.servlet.MockMvcPrintOnlyOnFailureTestExecutionListener@3b5a4654, org.springframework.boot.test.autoconfigure.web.servlet.WebDriverTestExecutionListener@5e6e9893, org.springframework.boot.test.mock.mockito.ResetMocksTestExecutionListener@543fec9c]

  .   ____          _            __ _ _
 /\\ / ___'_ __ _ _(_)_ __  __ _ \ \ \ \
( ( )\___ | '_ | '_| | '_ \/ _` | \ \ \ \
 \\/  ___)| |_)| | | | | || (_| |  ) ) ) )
  '  |____| .__|_| |_|_| |_\__, | / / / /
 =========|_|==============|___/=/_/_/_/
 :: Spring Boot ::        (v2.1.7.RELEASE)

2021-07-18 16:37:23.793  INFO 3476 --- [    Test worker] o.e.s.domain.posts.PostsRepositoryTest   : Starting PostsRepositoryTest on DESKTOP-IBS5766 with PID 3476 (started by 18013 in C:\Users\18013\IdeaProjects\spring-boot)
2021-07-18 16:37:23.794  INFO 3476 --- [    Test worker] o.e.s.domain.posts.PostsRepositoryTest   : The following profiles are active: oauth
2021-07-18 16:37:25.159  INFO 3476 --- [    Test worker] .s.d.r.c.RepositoryConfigurationDelegate : Bootstrapping Spring Data repositories in DEFAULT mode.
2021-07-18 16:37:25.336  INFO 3476 --- [    Test worker] .s.d.r.c.RepositoryConfigurationDelegate : Finished Spring Data repository scanning in 176ms. Found 2 repository interfaces.
2021-07-18 16:37:25.790  INFO 3476 --- [    Test worker] trationDelegate$BeanPostProcessorChecker : Bean 'org.springframework.transaction.annotation.ProxyTransactionManagementConfiguration' of type [org.springframework.transaction.annotation.ProxyTransactionManagementConfiguration$$EnhancerBySpringCGLIB$$db032238] is not eligible for getting processed by all BeanPostProcessors (for example: not eligible for auto-proxying)
2021-07-18 16:37:26.258  INFO 3476 --- [    Test worker] com.zaxxer.hikari.HikariDataSource       : HikariPool-2 - Starting...
2021-07-18 16:37:26.261  INFO 3476 --- [    Test worker] com.zaxxer.hikari.HikariDataSource       : HikariPool-2 - Start completed.
2021-07-18 16:37:26.465  INFO 3476 --- [    Test worker] o.hibernate.jpa.internal.util.LogHelper  : HHH000204: Processing PersistenceUnitInfo [
	name: default
	...]
2021-07-18 16:37:26.537  INFO 3476 --- [    Test worker] org.hibernate.dialect.Dialect            : HHH000400: Using dialect: org.hibernate.dialect.MySQL5InnoDBDialect
Hibernate: drop table if exists posts
Hibernate: drop table if exists user
Hibernate: create table posts (id bigint not null auto_increment, created_date datetime, modified_date datetime, author varchar(255), content TEXT not null, title varchar(500) not null, primary key (id)) engine=InnoDB
Hibernate: create table user (id bigint not null auto_increment, created_date datetime, modified_date datetime, email varchar(255) not null, name varchar(255) not null, picture varchar(255), role varchar(255) not null, primary key (id)) engine=InnoDB
2021-07-18 16:37:26.773  INFO 3476 --- [    Test worker] o.h.t.schema.internal.SchemaCreatorImpl  : HHH000476: Executing import script 'org.hibernate.tool.schema.internal.exec.ScriptSourceInputNonExistentImpl@7aaaf1ab'
2021-07-18 16:37:26.774  INFO 3476 --- [    Test worker] j.LocalContainerEntityManagerFactoryBean : Initialized JPA EntityManagerFactory for persistence unit 'default'
2021-07-18 16:37:27.636  INFO 3476 --- [    Test worker] o.h.h.i.QueryTranslatorFactoryInitiator  : HHH000397: Using ASTQueryTranslatorFactory
2021-07-18 16:37:28.569  INFO 3476 --- [    Test worker] o.s.s.web.DefaultSecurityFilterChain     : Creating filter chain: any request, [org.springframework.security.web.context.request.async.WebAsyncManagerIntegrationFilter@66635020, org.springframework.security.web.context.SecurityContextPersistenceFilter@5a30b0f1, org.springframework.security.web.header.HeaderWriterFilter@722e9510, org.springframework.security.web.authentication.logout.LogoutFilter@298d8f16, org.springframework.security.oauth2.client.web.OAuth2AuthorizationRequestRedirectFilter@4a2adc6a, org.springframework.security.oauth2.client.web.OAuth2LoginAuthenticationFilter@2c0e58a6, org.springframework.security.web.authentication.ui.DefaultLoginPageGeneratingFilter@76650e13, org.springframework.security.web.authentication.ui.DefaultLogoutPageGeneratingFilter@26cd515a, org.springframework.security.web.savedrequest.RequestCacheAwareFilter@336361bd, org.springframework.security.web.servletapi.SecurityContextHolderAwareRequestFilter@35e3f4d4, org.springframework.security.web.authentication.AnonymousAuthenticationFilter@3a181065, org.springframework.security.web.session.SessionManagementFilter@3a8f2942, org.springframework.security.web.access.ExceptionTranslationFilter@24b9a07a, org.springframework.security.web.access.intercept.FilterSecurityInterceptor@62b44b55]
2021-07-18 16:37:30.016  INFO 3476 --- [    Test worker] o.s.s.concurrent.ThreadPoolTaskExecutor  : Initializing ExecutorService 'applicationTaskExecutor'
2021-07-18 16:37:30.074  WARN 3476 --- [    Test worker] aWebConfiguration$JpaWebMvcConfiguration : spring.jpa.open-in-view is enabled by default. Therefore, database queries may be performed during view rendering. Explicitly configure spring.jpa.open-in-view to disable this warning
2021-07-18 16:37:30.205  INFO 3476 --- [    Test worker] o.s.b.a.w.s.WelcomePageHandlerMapping    : Adding welcome page template: index
2021-07-18 16:37:31.961  INFO 3476 --- [    Test worker] s.a.ScheduledAnnotationBeanPostProcessor : No TaskScheduler/ScheduledExecutorService bean found for scheduled processing
2021-07-18 16:37:31.964  INFO 3476 --- [    Test worker] o.e.s.domain.posts.PostsRepositoryTest   : Started PostsRepositoryTest in 8.453 seconds (JVM running for 57.54)
Hibernate: insert into posts (created_date, modified_date, author, content, title) values (?, ?, ?, ?, ?)
Hibernate: select posts0_.id as id1_0_, posts0_.created_date as created_2_0_, posts0_.modified_date as modified3_0_, posts0_.author as author4_0_, posts0_.content as content5_0_, posts0_.title as title6_0_ from posts posts0_
Hibernate: select posts0_.id as id1_0_, posts0_.created_date as created_2_0_, posts0_.modified_date as modified3_0_, posts0_.author as author4_0_, posts0_.content as content5_0_, posts0_.title as title6_0_ from posts posts0_
Hibernate: delete from posts where id=?
Hibernate: insert into posts (created_date, modified_date, author, content, title) values (?, ?, ?, ?, ?)
Hibernate: select posts0_.id as id1_0_, posts0_.created_date as created_2_0_, posts0_.modified_date as modified3_0_, posts0_.author as author4_0_, posts0_.content as content5_0_, posts0_.title as title6_0_ from posts posts0_
>>>>>>> createdDate = 2021-07-18T16:37:32.042375, modifiedDate = 2021-07-18T16:37:32.042375
Hibernate: select posts0_.id as id1_0_, posts0_.created_date as created_2_0_, posts0_.modified_date as modified3_0_, posts0_.author as author4_0_, posts0_.content as content5_0_, posts0_.title as title6_0_ from posts posts0_
Hibernate: delete from posts where id=?
]]></system-out>
  <system-err><![CDATA[]]></system-err>
</testsuite>
