<?xml version="1.0" encoding="UTF-8"?>
<testsuite name="org.example.springboot.web.PostsApiControllerTest" tests="2" skipped="0" failures="0" errors="0" timestamp="2021-07-18T22:37:20" hostname="DESKTOP-IBS5766" time="2.53">
  <properties/>
  <testcase name="updatePosts" classname="org.example.springboot.web.PostsApiControllerTest" time="2.476"/>
  <testcase name="savePosts" classname="org.example.springboot.web.PostsApiControllerTest" time="0.052"/>
  <system-out><![CDATA[2021-07-18 16:36:50.710  INFO 3476 --- [    Test worker] .b.t.c.SpringBootTestContextBootstrapper : Neither @ContextConfiguration nor @ContextHierarchy found for test class [org.example.springboot.web.PostsApiControllerTest], using SpringBootContextLoader
2021-07-18 16:36:50.716  INFO 3476 --- [    Test worker] o.s.t.c.support.AbstractContextLoader    : Could not detect default resource locations for test class [org.example.springboot.web.PostsApiControllerTest]: no resource found for suffixes {-context.xml, Context.groovy}.
2021-07-18 16:36:50.716  INFO 3476 --- [    Test worker] t.c.s.AnnotationConfigContextLoaderUtils : Could not detect default configuration classes for test class [org.example.springboot.web.PostsApiControllerTest]: PostsApiControllerTest does not declare any static, non-private, non-final, nested classes annotated with @Configuration.
2021-07-18 16:36:50.726  INFO 3476 --- [    Test worker] .b.t.c.SpringBootTestContextBootstrapper : Found @SpringBootConfiguration org.example.springboot.Application for test class org.example.springboot.web.PostsApiControllerTest
2021-07-18 16:36:50.732  INFO 3476 --- [    Test worker] .b.t.c.SpringBootTestContextBootstrapper : Loaded default TestExecutionListener class names from location [META-INF/spring.factories]: [org.springframework.security.test.context.support.WithSecurityContextTestExecutionListener, org.springframework.security.test.context.support.ReactorContextTestExecutionListener, org.springframework.boot.test.autoconfigure.restdocs.RestDocsTestExecutionListener, org.springframework.boot.test.autoconfigure.web.client.MockRestServiceServerResetTestExecutionListener, org.springframework.boot.test.autoconfigure.web.servlet.MockMvcPrintOnlyOnFailureTestExecutionListener, org.springframework.boot.test.autoconfigure.web.servlet.WebDriverTestExecutionListener, org.springframework.boot.test.mock.mockito.MockitoTestExecutionListener, org.springframework.boot.test.mock.mockito.ResetMocksTestExecutionListener, org.springframework.test.context.web.ServletTestExecutionListener, org.springframework.test.context.support.DirtiesContextBeforeModesTestExecutionListener, org.springframework.test.context.support.DependencyInjectionTestExecutionListener, org.springframework.test.context.support.DirtiesContextTestExecutionListener, org.springframework.test.context.transaction.TransactionalTestExecutionListener, org.springframework.test.context.jdbc.SqlScriptsTestExecutionListener]
2021-07-18 16:36:50.736  INFO 3476 --- [    Test worker] .b.t.c.SpringBootTestContextBootstrapper : Using TestExecutionListeners: [org.springframework.test.context.web.ServletTestExecutionListener@52b74080, org.springframework.test.context.support.DirtiesContextBeforeModesTestExecutionListener@1384a884, org.springframework.boot.test.mock.mockito.MockitoTestExecutionListener@711390fb, org.springframework.boot.test.autoconfigure.SpringBootDependencyInjectionTestExecutionListener@6622f7b0, org.springframework.test.context.support.DirtiesContextTestExecutionListener@ef918b4, org.springframework.test.context.transaction.TransactionalTestExecutionListener@380f4167, org.springframework.test.context.jdbc.SqlScriptsTestExecutionListener@55f68ad5, org.springframework.security.test.context.support.WithSecurityContextTestExecutionListener@249878ac, org.springframework.security.test.context.support.ReactorContextTestExecutionListener@62e2f833, org.springframework.boot.test.autoconfigure.restdocs.RestDocsTestExecutionListener@20248971, org.springframework.boot.test.autoconfigure.web.client.MockRestServiceServerResetTestExecutionListener@41e51f82, org.springframework.boot.test.autoconfigure.web.servlet.MockMvcPrintOnlyOnFailureTestExecutionListener@265f420a, org.springframework.boot.test.autoconfigure.web.servlet.WebDriverTestExecutionListener@53090592, org.springframework.boot.test.mock.mockito.ResetMocksTestExecutionListener@57e26183]

  .   ____          _            __ _ _
 /\\ / ___'_ __ _ _(_)_ __  __ _ \ \ \ \
( ( )\___ | '_ | '_| | '_ \/ _` | \ \ \ \
 \\/  ___)| |_)| | | | | || (_| |  ) ) ) )
  '  |____| .__|_| |_|_| |_\__, | / / / /
 =========|_|==============|___/=/_/_/_/
 :: Spring Boot ::        (v2.1.7.RELEASE)

2021-07-18 16:36:51.055  INFO 3476 --- [    Test worker] o.e.s.web.PostsApiControllerTest         : Starting PostsApiControllerTest on DESKTOP-IBS5766 with PID 3476 (started by 18013 in C:\Users\18013\IdeaProjects\spring-boot)
2021-07-18 16:36:51.056  INFO 3476 --- [    Test worker] o.e.s.web.PostsApiControllerTest         : The following profiles are active: oauth
2021-07-18 16:36:52.698  INFO 3476 --- [    Test worker] .s.d.r.c.RepositoryConfigurationDelegate : Bootstrapping Spring Data repositories in DEFAULT mode.
2021-07-18 16:36:53.101  INFO 3476 --- [    Test worker] .s.d.r.c.RepositoryConfigurationDelegate : Finished Spring Data repository scanning in 364ms. Found 2 repository interfaces.
2021-07-18 16:36:54.367  INFO 3476 --- [    Test worker] trationDelegate$BeanPostProcessorChecker : Bean 'org.springframework.transaction.annotation.ProxyTransactionManagementConfiguration' of type [org.springframework.transaction.annotation.ProxyTransactionManagementConfiguration$$EnhancerBySpringCGLIB$$db032238] is not eligible for getting processed by all BeanPostProcessors (for example: not eligible for auto-proxying)
2021-07-18 16:36:56.544  INFO 3476 --- [    Test worker] o.s.b.w.embedded.tomcat.TomcatWebServer  : Tomcat initialized with port(s): 0 (http)
2021-07-18 16:36:56.687  INFO 3476 --- [    Test worker] o.apache.catalina.core.StandardService   : Starting service [Tomcat]
2021-07-18 16:36:56.688  INFO 3476 --- [    Test worker] org.apache.catalina.core.StandardEngine  : Starting Servlet engine: [Apache Tomcat/9.0.22]
2021-07-18 16:36:57.770  INFO 3476 --- [    Test worker] o.a.c.c.C.[Tomcat].[localhost].[/]       : Initializing Spring embedded WebApplicationContext
2021-07-18 16:36:57.771  INFO 3476 --- [    Test worker] o.s.web.context.ContextLoader            : Root WebApplicationContext: initialization completed in 6702 ms
2021-07-18 16:36:59.552  INFO 3476 --- [    Test worker] com.zaxxer.hikari.HikariDataSource       : HikariPool-1 - Starting...
2021-07-18 16:37:00.580  INFO 3476 --- [    Test worker] com.zaxxer.hikari.HikariDataSource       : HikariPool-1 - Start completed.
2021-07-18 16:37:01.210  INFO 3476 --- [    Test worker] o.hibernate.jpa.internal.util.LogHelper  : HHH000204: Processing PersistenceUnitInfo [
	name: default
	...]
2021-07-18 16:37:01.798  INFO 3476 --- [    Test worker] org.hibernate.Version                    : HHH000412: Hibernate Core {5.3.10.Final}
2021-07-18 16:37:01.813  INFO 3476 --- [    Test worker] org.hibernate.cfg.Environment            : HHH000206: hibernate.properties not found
2021-07-18 16:37:02.908  INFO 3476 --- [    Test worker] o.hibernate.annotations.common.Version   : HCANN000001: Hibernate Commons Annotations {5.0.4.Final}
2021-07-18 16:37:04.137  INFO 3476 --- [    Test worker] org.hibernate.dialect.Dialect            : HHH000400: Using dialect: org.hibernate.dialect.MySQL5InnoDBDialect
Hibernate: drop table if exists posts
Hibernate: drop table if exists user
Hibernate: create table posts (id bigint not null auto_increment, created_date datetime, modified_date datetime, author varchar(255), content TEXT not null, title varchar(500) not null, primary key (id)) engine=InnoDB
Hibernate: create table user (id bigint not null auto_increment, created_date datetime, modified_date datetime, email varchar(255) not null, name varchar(255) not null, picture varchar(255), role varchar(255) not null, primary key (id)) engine=InnoDB
2021-07-18 16:37:08.522  INFO 3476 --- [    Test worker] o.h.t.schema.internal.SchemaCreatorImpl  : HHH000476: Executing import script 'org.hibernate.tool.schema.internal.exec.ScriptSourceInputNonExistentImpl@7aaaf1ab'
2021-07-18 16:37:08.544  INFO 3476 --- [    Test worker] j.LocalContainerEntityManagerFactoryBean : Initialized JPA EntityManagerFactory for persistence unit 'default'
2021-07-18 16:37:12.089  INFO 3476 --- [    Test worker] o.h.h.i.QueryTranslatorFactoryInitiator  : HHH000397: Using ASTQueryTranslatorFactory
2021-07-18 16:37:15.014  INFO 3476 --- [    Test worker] o.s.s.web.DefaultSecurityFilterChain     : Creating filter chain: any request, [org.springframework.security.web.context.request.async.WebAsyncManagerIntegrationFilter@1bbabca7, org.springframework.security.web.context.SecurityContextPersistenceFilter@1ad4bf00, org.springframework.security.web.header.HeaderWriterFilter@975cd4f, org.springframework.security.web.authentication.logout.LogoutFilter@352ecfc7, org.springframework.security.oauth2.client.web.OAuth2AuthorizationRequestRedirectFilter@2dcaad2d, org.springframework.security.oauth2.client.web.OAuth2LoginAuthenticationFilter@252c6d7d, org.springframework.security.web.authentication.ui.DefaultLoginPageGeneratingFilter@648e5563, org.springframework.security.web.authentication.ui.DefaultLogoutPageGeneratingFilter@222811b7, org.springframework.security.web.savedrequest.RequestCacheAwareFilter@341a2ff3, org.springframework.security.web.servletapi.SecurityContextHolderAwareRequestFilter@ddf2834, org.springframework.security.web.authentication.AnonymousAuthenticationFilter@720d2ca7, org.springframework.security.web.session.SessionManagementFilter@7811d0fe, org.springframework.security.web.access.ExceptionTranslationFilter@3e99977b, org.springframework.security.web.access.intercept.FilterSecurityInterceptor@42db8b4f]
2021-07-18 16:37:17.461  INFO 3476 --- [    Test worker] o.s.s.concurrent.ThreadPoolTaskExecutor  : Initializing ExecutorService 'applicationTaskExecutor'
2021-07-18 16:37:17.796  WARN 3476 --- [    Test worker] aWebConfiguration$JpaWebMvcConfiguration : spring.jpa.open-in-view is enabled by default. Therefore, database queries may be performed during view rendering. Explicitly configure spring.jpa.open-in-view to disable this warning
2021-07-18 16:37:18.115  INFO 3476 --- [    Test worker] o.s.b.a.w.s.WelcomePageHandlerMapping    : Adding welcome page template: index
2021-07-18 16:37:20.657  INFO 3476 --- [    Test worker] s.a.ScheduledAnnotationBeanPostProcessor : No TaskScheduler/ScheduledExecutorService bean found for scheduled processing
2021-07-18 16:37:20.824  INFO 3476 --- [    Test worker] o.s.b.w.embedded.tomcat.TomcatWebServer  : Tomcat started on port(s): 52765 (http) with context path ''
2021-07-18 16:37:20.834  INFO 3476 --- [    Test worker] o.e.s.web.PostsApiControllerTest         : Started PostsApiControllerTest in 30.086 seconds (JVM running for 46.41)
2021-07-18 16:37:21.499  INFO 3476 --- [    Test worker] o.a.c.c.C.[Tomcat].[localhost].[/]       : Initializing Spring TestDispatcherServlet ''
2021-07-18 16:37:21.499  INFO 3476 --- [    Test worker] o.s.t.web.servlet.TestDispatcherServlet  : Initializing Servlet ''
2021-07-18 16:37:21.572  INFO 3476 --- [    Test worker] o.s.t.web.servlet.TestDispatcherServlet  : Completed initialization in 72 ms
Hibernate: insert into posts (created_date, modified_date, author, content, title) values (?, ?, ?, ?, ?)
Hibernate: select posts0_.id as id1_0_0_, posts0_.created_date as created_2_0_0_, posts0_.modified_date as modified3_0_0_, posts0_.author as author4_0_0_, posts0_.content as content5_0_0_, posts0_.title as title6_0_0_ from posts posts0_ where posts0_.id=?
Hibernate: update posts set created_date=?, modified_date=?, author=?, content=?, title=? where id=?
Hibernate: select posts0_.id as id1_0_, posts0_.created_date as created_2_0_, posts0_.modified_date as modified3_0_, posts0_.author as author4_0_, posts0_.content as content5_0_, posts0_.title as title6_0_ from posts posts0_
Hibernate: select posts0_.id as id1_0_, posts0_.created_date as created_2_0_, posts0_.modified_date as modified3_0_, posts0_.author as author4_0_, posts0_.content as content5_0_, posts0_.title as title6_0_ from posts posts0_
Hibernate: delete from posts where id=?
2021-07-18 16:37:23.384  INFO 3476 --- [    Test worker] o.a.c.c.C.[Tomcat].[localhost].[/]       : Initializing Spring TestDispatcherServlet ''
2021-07-18 16:37:23.385  INFO 3476 --- [    Test worker] o.s.t.web.servlet.TestDispatcherServlet  : Initializing Servlet ''
2021-07-18 16:37:23.395  INFO 3476 --- [    Test worker] o.s.t.web.servlet.TestDispatcherServlet  : Completed initialization in 10 ms
Hibernate: insert into posts (created_date, modified_date, author, content, title) values (?, ?, ?, ?, ?)
Hibernate: select posts0_.id as id1_0_, posts0_.created_date as created_2_0_, posts0_.modified_date as modified3_0_, posts0_.author as author4_0_, posts0_.content as content5_0_, posts0_.title as title6_0_ from posts posts0_
Hibernate: select posts0_.id as id1_0_, posts0_.created_date as created_2_0_, posts0_.modified_date as modified3_0_, posts0_.author as author4_0_, posts0_.content as content5_0_, posts0_.title as title6_0_ from posts posts0_
Hibernate: delete from posts where id=?
]]></system-out>
  <system-err><![CDATA[]]></system-err>
</testsuite>
