<?xml version="1.0" encoding="UTF-8"?>
<testsuite name="org.example.springboot.web.IndexControllerTest" tests="1" skipped="0" failures="0" errors="0" timestamp="2021-07-18T22:37:32" hostname="DESKTOP-IBS5766" time="0.646">
  <properties/>
  <testcase name="loadMainPage" classname="org.example.springboot.web.IndexControllerTest" time="0.646"/>
  <system-out><![CDATA[2021-07-18 16:37:32.092  INFO 3476 --- [    Test worker] .b.t.c.SpringBootTestContextBootstrapper : Neither @ContextConfiguration nor @ContextHierarchy found for test class [org.example.springboot.web.IndexControllerTest], using SpringBootContextLoader
2021-07-18 16:37:32.098  INFO 3476 --- [    Test worker] o.s.t.c.support.AbstractContextLoader    : Could not detect default resource locations for test class [org.example.springboot.web.IndexControllerTest]: no resource found for suffixes {-context.xml, Context.groovy}.
2021-07-18 16:37:32.098  INFO 3476 --- [    Test worker] t.c.s.AnnotationConfigContextLoaderUtils : Could not detect default configuration classes for test class [org.example.springboot.web.IndexControllerTest]: IndexControllerTest does not declare any static, non-private, non-final, nested classes annotated with @Configuration.
2021-07-18 16:37:32.106  INFO 3476 --- [    Test worker] .b.t.c.SpringBootTestContextBootstrapper : Found @SpringBootConfiguration org.example.springboot.Application for test class org.example.springboot.web.IndexControllerTest
2021-07-18 16:37:32.112  INFO 3476 --- [    Test worker] .b.t.c.SpringBootTestContextBootstrapper : Loaded default TestExecutionListener class names from location [META-INF/spring.factories]: [org.springframework.security.test.context.support.WithSecurityContextTestExecutionListener, org.springframework.security.test.context.support.ReactorContextTestExecutionListener, org.springframework.boot.test.autoconfigure.restdocs.RestDocsTestExecutionListener, org.springframework.boot.test.autoconfigure.web.client.MockRestServiceServerResetTestExecutionListener, org.springframework.boot.test.autoconfigure.web.servlet.MockMvcPrintOnlyOnFailureTestExecutionListener, org.springframework.boot.test.autoconfigure.web.servlet.WebDriverTestExecutionListener, org.springframework.boot.test.mock.mockito.MockitoTestExecutionListener, org.springframework.boot.test.mock.mockito.ResetMocksTestExecutionListener, org.springframework.test.context.web.ServletTestExecutionListener, org.springframework.test.context.support.DirtiesContextBeforeModesTestExecutionListener, org.springframework.test.context.support.DependencyInjectionTestExecutionListener, org.springframework.test.context.support.DirtiesContextTestExecutionListener, org.springframework.test.context.transaction.TransactionalTestExecutionListener, org.springframework.test.context.jdbc.SqlScriptsTestExecutionListener]
2021-07-18 16:37:32.117  INFO 3476 --- [    Test worker] .b.t.c.SpringBootTestContextBootstrapper : Using TestExecutionListeners: [org.springframework.test.context.web.ServletTestExecutionListener@32eedca, org.springframework.test.context.support.DirtiesContextBeforeModesTestExecutionListener@3068a3b0, org.springframework.boot.test.mock.mockito.MockitoTestExecutionListener@557faff5, org.springframework.boot.test.autoconfigure.SpringBootDependencyInjectionTestExecutionListener@3be3f8cd, org.springframework.test.context.support.DirtiesContextTestExecutionListener@4fd712c6, org.springframework.test.context.transaction.TransactionalTestExecutionListener@3a575daf, org.springframework.test.context.jdbc.SqlScriptsTestExecutionListener@127f5d17, org.springframework.security.test.context.support.WithSecurityContextTestExecutionListener@36feea05, org.springframework.security.test.context.support.ReactorContextTestExecutionListener@41c89f3e, org.springframework.boot.test.autoconfigure.restdocs.RestDocsTestExecutionListener@41f2188d, org.springframework.boot.test.autoconfigure.web.client.MockRestServiceServerResetTestExecutionListener@298d6241, org.springframework.boot.test.autoconfigure.web.servlet.MockMvcPrintOnlyOnFailureTestExecutionListener@68621bb7, org.springframework.boot.test.autoconfigure.web.servlet.WebDriverTestExecutionListener@6dd658ea, org.springframework.boot.test.mock.mockito.ResetMocksTestExecutionListener@3c3113ad]
2021-07-18 16:37:32.487  INFO 3476 --- [o-auto-1-exec-1] o.a.c.c.C.[Tomcat].[localhost].[/]       : Initializing Spring DispatcherServlet 'dispatcherServlet'
2021-07-18 16:37:32.489  INFO 3476 --- [o-auto-1-exec-1] o.s.web.servlet.DispatcherServlet        : Initializing Servlet 'dispatcherServlet'
2021-07-18 16:37:32.497  INFO 3476 --- [o-auto-1-exec-1] o.s.web.servlet.DispatcherServlet        : Completed initialization in 8 ms
Hibernate: select posts0_.id as id1_0_, posts0_.created_date as created_2_0_, posts0_.modified_date as modified3_0_, posts0_.author as author4_0_, posts0_.content as content5_0_, posts0_.title as title6_0_ from posts posts0_ order by posts0_.id DESC
]]></system-out>
  <system-err><![CDATA[]]></system-err>
</testsuite>
